mode: set
github.com/DilshodK0592/wallet/pkg/wallet/service.go:25.78,26.37 1 1
github.com/DilshodK0592/wallet/pkg/wallet/service.go:31.2,38.21 4 1
github.com/DilshodK0592/wallet/pkg/wallet/service.go:26.37,27.29 1 0
github.com/DilshodK0592/wallet/pkg/wallet/service.go:27.29,29.4 1 0
github.com/DilshodK0592/wallet/pkg/wallet/service.go:41.70,42.17 1 1
github.com/DilshodK0592/wallet/pkg/wallet/service.go:45.2,47.33 2 1
github.com/DilshodK0592/wallet/pkg/wallet/service.go:53.2,53.20 1 1
github.com/DilshodK0592/wallet/pkg/wallet/service.go:59.2,60.12 2 1
github.com/DilshodK0592/wallet/pkg/wallet/service.go:42.17,44.3 1 0
github.com/DilshodK0592/wallet/pkg/wallet/service.go:47.33,48.26 1 1
github.com/DilshodK0592/wallet/pkg/wallet/service.go:48.26,50.9 2 1
github.com/DilshodK0592/wallet/pkg/wallet/service.go:53.20,55.3 1 0
github.com/DilshodK0592/wallet/pkg/wallet/service.go:63.112,64.17 1 1
github.com/DilshodK0592/wallet/pkg/wallet/service.go:67.2,69.33 2 1
github.com/DilshodK0592/wallet/pkg/wallet/service.go:75.2,75.20 1 1
github.com/DilshodK0592/wallet/pkg/wallet/service.go:78.2,78.30 1 1
github.com/DilshodK0592/wallet/pkg/wallet/service.go:81.2,91.21 5 1
github.com/DilshodK0592/wallet/pkg/wallet/service.go:64.17,66.3 1 0
github.com/DilshodK0592/wallet/pkg/wallet/service.go:69.33,70.22 1 1
github.com/DilshodK0592/wallet/pkg/wallet/service.go:70.22,72.9 2 1
github.com/DilshodK0592/wallet/pkg/wallet/service.go:75.20,77.3 1 0
github.com/DilshodK0592/wallet/pkg/wallet/service.go:78.30,80.3 1 0
github.com/DilshodK0592/wallet/pkg/wallet/service.go:94.76,96.33 2 1
github.com/DilshodK0592/wallet/pkg/wallet/service.go:103.2,103.33 1 1
github.com/DilshodK0592/wallet/pkg/wallet/service.go:96.33,97.26 1 1
github.com/DilshodK0592/wallet/pkg/wallet/service.go:97.26,100.4 2 1
github.com/DilshodK0592/wallet/pkg/wallet/service.go:106.76,107.37 1 1
github.com/DilshodK0592/wallet/pkg/wallet/service.go:112.2,112.32 1 1
github.com/DilshodK0592/wallet/pkg/wallet/service.go:107.37,108.30 1 1
github.com/DilshodK0592/wallet/pkg/wallet/service.go:108.30,110.4 1 1
github.com/DilshodK0592/wallet/pkg/wallet/service.go:115.49,117.16 2 1
github.com/DilshodK0592/wallet/pkg/wallet/service.go:121.2,122.16 2 1
github.com/DilshodK0592/wallet/pkg/wallet/service.go:126.2,129.12 3 1
github.com/DilshodK0592/wallet/pkg/wallet/service.go:117.16,119.3 1 1
github.com/DilshodK0592/wallet/pkg/wallet/service.go:122.16,124.3 1 0
github.com/DilshodK0592/wallet/pkg/wallet/service.go:133.68,136.16 2 1
github.com/DilshodK0592/wallet/pkg/wallet/service.go:140.2,141.16 2 1
github.com/DilshodK0592/wallet/pkg/wallet/service.go:145.2,145.21 1 1
github.com/DilshodK0592/wallet/pkg/wallet/service.go:136.16,138.3 1 0
github.com/DilshodK0592/wallet/pkg/wallet/service.go:141.16,143.3 1 0
